<?xml version="1.0" encoding="UTF-8"?>
<!-- Generated by org.testng.reporters.JUnitXMLReporter -->
<testsuite ignored="0" hostname="DESKTOP-L3R0ABI" failures="0" tests="4" name="Default test" time="12.704" errors="0" timestamp="2024-02-25T02:09:54 IST">
  <testcase classname="api.test.UserTests" name="testPostUser" time="5.612"/>
  <testcase classname="api.test.UserTests" name="testGetUserByName" time="1.239"/>
  <testcase classname="api.test.UserTests" name="testUpdateUserByName" time="2.455"/>
  <testcase classname="api.test.UserTests" name="testDeleteUserByName" time="1.232"/>
</testsuite> <!-- Default test -->
