<?xml version="1.0" encoding="UTF-8"?>
<!-- Generated by org.testng.reporters.JUnitXMLReporter -->
<testsuite ignored="0" hostname="DESKTOP-L3R0ABI" failures="0" tests="4" name="PetTests" time="12.251" errors="0" timestamp="2024-02-27T01:40:59 IST">
  <testcase classname="api.test.UserTests2" name="testPostUser" time="5.095"/>
  <testcase classname="api.test.UserTests2" name="testGetUserByName" time="1.24"/>
  <testcase classname="api.test.UserTests2" name="testUpdateUserByName" time="2.412"/>
  <testcase classname="api.test.UserTests2" name="testDeleteUserByName" time="1.161"/>
</testsuite> <!-- PetTests -->
