<?xml version="1.0" encoding="UTF-8"?>
<!-- Generated by org.testng.reporters.JUnitXMLReporter -->
<testsuite ignored="0" hostname="DESKTOP-L3R0ABI" failures="0" tests="4" name="PetTests" time="10.083" errors="0" timestamp="2024-02-25T02:04:24 IST">
  <testcase classname="api.test.UserTests" name="testPostUser" time="3.922"/>
  <testcase classname="api.test.UserTests" name="testGetUserByName" time="1.233"/>
  <testcase classname="api.test.UserTests" name="testUpdateUserByName" time="2.426"/>
  <testcase classname="api.test.UserTests" name="testDeleteUserByName" time="1.164"/>
</testsuite> <!-- PetTests -->
